<?xml version="1.0" encoding="UTF-8"?>
<testng-results ignored="0" total="4" passed="4" failed="0" skipped="0">
  <reporter-output>
  </reporter-output>
  <suite started-at="2023-07-24T12:06:08 IST" name="Default suite" finished-at="2023-07-24T12:06:14 IST" duration-ms="6164">
    <groups>
    </groups>
    <test started-at="2023-07-24T12:06:08 IST" name="Default test" finished-at="2023-07-24T12:06:14 IST" duration-ms="6164">
      <class name="SeleniumTestngTest">
        <test-method is-config="true" signature="initDriver()[pri:0, instance:SeleniumTestngTest@5b8dfcc1]" started-at="2023-07-24T12:06:08 IST" name="initDriver" finished-at="2023-07-24T12:06:09 IST" duration-ms="1697" status="PASS">
          <reporter-output>
          </reporter-output>
        </test-method> <!-- initDriver -->
        <test-method signature="verifyhomepage()[pri:1, instance:SeleniumTestngTest@5b8dfcc1]" started-at="2023-07-24T12:06:09 IST" name="verifyhomepage" finished-at="2023-07-24T12:06:10 IST" duration-ms="434" status="PASS">
          <reporter-output>
          </reporter-output>
        </test-method> <!-- verifyhomepage -->
        <test-method signature="verifyhomepagetitle()[pri:2, instance:SeleniumTestngTest@5b8dfcc1]" started-at="2023-07-24T12:06:10 IST" name="verifyhomepagetitle" finished-at="2023-07-24T12:06:10 IST" duration-ms="12" status="PASS">
          <reporter-output>
          </reporter-output>
        </test-method> <!-- verifyhomepagetitle -->
        <test-method signature="verifyloginwithwrongcredentials()[pri:3, instance:SeleniumTestngTest@5b8dfcc1]" started-at="2023-07-24T12:06:10 IST" name="verifyloginwithwrongcredentials" finished-at="2023-07-24T12:06:14 IST" duration-ms="3807" status="PASS">
          <reporter-output>
          </reporter-output>
        </test-method> <!-- verifyloginwithwrongcredentials -->
        <test-method signature="verifyloginwithrightcredentials()[pri:4, instance:SeleniumTestngTest@5b8dfcc1]" started-at="2023-07-24T12:06:14 IST" name="verifyloginwithrightcredentials" finished-at="2023-07-24T12:06:14 IST" duration-ms="165" status="PASS">
          <reporter-output>
          </reporter-output>
        </test-method> <!-- verifyloginwithrightcredentials -->
      </class> <!-- SeleniumTestngTest -->
    </test> <!-- Default test -->
  </suite> <!-- Default suite -->
</testng-results>
