<?xml version="1.0" encoding="UTF-8"?>
<!-- Generated by org.testng.reporters.JUnitXMLReporter -->
<testsuite ignored="0" hostname="ISIPL-PUNV-D011" failures="0" tests="4" name="Default test" time="6.164" errors="0" timestamp="2023-07-24T12:06:14 IST">
  <testcase classname="SeleniumTestngTest" name="verifyhomepage" time="0.434"/>
  <testcase classname="SeleniumTestngTest" name="verifyhomepagetitle" time="0.012"/>
  <testcase classname="SeleniumTestngTest" name="verifyloginwithwrongcredentials" time="3.807"/>
  <testcase classname="SeleniumTestngTest" name="verifyloginwithrightcredentials" time="0.165"/>
</testsuite> <!-- Default test -->
